[0.129s] DEBUG:colcon:Command line arguments: ['/usr/bin/colcon', 'build', '--symlink-install', '--packages-select', 'rmf_msgs']
[0.129s] DEBUG:colcon:Parsed command line arguments: Namespace(ament_cmake_args=None, base_paths='.', build_base='build', catkin_cmake_args=None, catkin_skip_building_tests=False, cmake_args=None, cmake_clean_cache=False, cmake_clean_first=False, cmake_force_configure=False, cmake_target=None, cmake_target_skip_unavailable=False, continue_on_error=False, event_handlers=None, executor='parallel', ignore_user_meta=False, install_base='install', log_base='log', log_level=None, main=<bound method BuildVerb.main of <colcon_core.verb.build.BuildVerb object at 0x7f3f9db320f0>>, merge_install=False, metas='./colcon.meta', packages_above=None, packages_above_depth=None, packages_end=None, packages_ignore=None, packages_ignore_regex=None, packages_select=['rmf_msgs'], packages_select_build_failed=False, packages_select_by_dep=None, packages_select_regex=None, packages_select_test_failures=False, packages_skip=None, packages_skip_build_finished=False, packages_skip_by_dep=None, packages_skip_regex=None, packages_skip_test_passed=False, packages_skip_up_to=None, packages_start=None, packages_up_to=None, parallel_workers=8, paths=None, symlink_install=True, test_result_base=None, verb_extension=<colcon_core.verb.build.BuildVerb object at 0x7f3f9db320f0>, verb_name='build', verb_parser=<colcon_defaults.argument_parser.defaults.DefaultArgumentsDecorator object at 0x7f3f9db32438>)
[0.163s] Level 1:colcon.colcon_core.package_discovery:discover_packages(colcon_meta) check parameters
[0.163s] Level 1:colcon.colcon_core.package_discovery:discover_packages(recursive) check parameters
[0.163s] Level 1:colcon.colcon_core.package_discovery:discover_packages(ignore) check parameters
[0.163s] Level 1:colcon.colcon_core.package_discovery:discover_packages(path) check parameters
[0.163s] Level 1:colcon.colcon_core.package_discovery:discover_packages(recursive) discover
[0.164s] INFO:colcon.colcon_core.package_discovery:Crawling recursively for packages in '/home/malcomneo/ros2_ws/src/CSSD_WM'
[0.164s] Level 1:colcon.colcon_core.package_identification:_identify(/home/malcomneo/ros2_ws/src/CSSD_WM) by extensions ['ignore', 'ignore_ament_install']
[0.164s] Level 1:colcon.colcon_core.package_identification:_identify(/home/malcomneo/ros2_ws/src/CSSD_WM) by extension 'ignore'
[0.164s] Level 1:colcon.colcon_core.package_identification:_identify(/home/malcomneo/ros2_ws/src/CSSD_WM) by extension 'ignore_ament_install'
[0.164s] Level 1:colcon.colcon_core.package_identification:_identify(/home/malcomneo/ros2_ws/src/CSSD_WM) by extensions ['colcon_pkg']
[0.164s] Level 1:colcon.colcon_core.package_identification:_identify(/home/malcomneo/ros2_ws/src/CSSD_WM) by extension 'colcon_pkg'
[0.164s] Level 1:colcon.colcon_core.package_identification:_identify(/home/malcomneo/ros2_ws/src/CSSD_WM) by extensions ['colcon_meta']
[0.164s] Level 1:colcon.colcon_core.package_identification:_identify(/home/malcomneo/ros2_ws/src/CSSD_WM) by extension 'colcon_meta'
[0.164s] Level 1:colcon.colcon_core.package_identification:_identify(/home/malcomneo/ros2_ws/src/CSSD_WM) by extensions ['ros']
[0.164s] Level 1:colcon.colcon_core.package_identification:_identify(/home/malcomneo/ros2_ws/src/CSSD_WM) by extension 'ros'
[0.174s] Level 1:colcon.colcon_core.package_identification:_identify(/home/malcomneo/ros2_ws/src/CSSD_WM) by extensions ['cmake', 'python']
[0.174s] Level 1:colcon.colcon_core.package_identification:_identify(/home/malcomneo/ros2_ws/src/CSSD_WM) by extension 'cmake'
[0.174s] Level 1:colcon.colcon_core.package_identification:_identify(/home/malcomneo/ros2_ws/src/CSSD_WM) by extension 'python'
[0.175s] Level 1:colcon.colcon_core.package_identification:_identify(/home/malcomneo/ros2_ws/src/CSSD_WM) by extensions ['python_setup_py']
[0.175s] Level 1:colcon.colcon_core.package_identification:_identify(/home/malcomneo/ros2_ws/src/CSSD_WM) by extension 'python_setup_py'
[0.175s] Level 1:colcon.colcon_core.package_identification:_identify(/home/malcomneo/ros2_ws/src/CSSD_WM/build) by extensions ['ignore', 'ignore_ament_install']
[0.175s] Level 1:colcon.colcon_core.package_identification:_identify(/home/malcomneo/ros2_ws/src/CSSD_WM/build) by extension 'ignore'
[0.175s] Level 1:colcon.colcon_core.package_identification:_identify(/home/malcomneo/ros2_ws/src/CSSD_WM/build) ignored
[0.175s] Level 1:colcon.colcon_core.package_identification:_identify(/home/malcomneo/ros2_ws/src/CSSD_WM/cssd_workcell_manager) by extensions ['ignore', 'ignore_ament_install']
[0.175s] Level 1:colcon.colcon_core.package_identification:_identify(/home/malcomneo/ros2_ws/src/CSSD_WM/cssd_workcell_manager) by extension 'ignore'
[0.175s] Level 1:colcon.colcon_core.package_identification:_identify(/home/malcomneo/ros2_ws/src/CSSD_WM/cssd_workcell_manager) by extension 'ignore_ament_install'
[0.175s] Level 1:colcon.colcon_core.package_identification:_identify(/home/malcomneo/ros2_ws/src/CSSD_WM/cssd_workcell_manager) by extensions ['colcon_pkg']
[0.176s] Level 1:colcon.colcon_core.package_identification:_identify(/home/malcomneo/ros2_ws/src/CSSD_WM/cssd_workcell_manager) by extension 'colcon_pkg'
[0.176s] Level 1:colcon.colcon_core.package_identification:_identify(/home/malcomneo/ros2_ws/src/CSSD_WM/cssd_workcell_manager) by extensions ['colcon_meta']
[0.176s] Level 1:colcon.colcon_core.package_identification:_identify(/home/malcomneo/ros2_ws/src/CSSD_WM/cssd_workcell_manager) by extension 'colcon_meta'
[0.176s] Level 1:colcon.colcon_core.package_identification:_identify(/home/malcomneo/ros2_ws/src/CSSD_WM/cssd_workcell_manager) by extensions ['ros']
[0.176s] Level 1:colcon.colcon_core.package_identification:_identify(/home/malcomneo/ros2_ws/src/CSSD_WM/cssd_workcell_manager) by extension 'ros'
[0.178s] DEBUG:colcon.colcon_core.package_identification:Package '/home/malcomneo/ros2_ws/src/CSSD_WM/cssd_workcell_manager' with type 'ros.ament_cmake' and name 'cssd_workcell_manager'
[0.178s] Level 1:colcon.colcon_core.package_identification:_identify(/home/malcomneo/ros2_ws/src/CSSD_WM/install) by extensions ['ignore', 'ignore_ament_install']
[0.178s] Level 1:colcon.colcon_core.package_identification:_identify(/home/malcomneo/ros2_ws/src/CSSD_WM/install) by extension 'ignore'
[0.178s] Level 1:colcon.colcon_core.package_identification:_identify(/home/malcomneo/ros2_ws/src/CSSD_WM/install) ignored
[0.178s] Level 1:colcon.colcon_core.package_identification:_identify(/home/malcomneo/ros2_ws/src/CSSD_WM/log) by extensions ['ignore', 'ignore_ament_install']
[0.178s] Level 1:colcon.colcon_core.package_identification:_identify(/home/malcomneo/ros2_ws/src/CSSD_WM/log) by extension 'ignore'
[0.179s] Level 1:colcon.colcon_core.package_identification:_identify(/home/malcomneo/ros2_ws/src/CSSD_WM/log) ignored
[0.179s] Level 1:colcon.colcon_core.package_discovery:discover_packages(recursive) using defaults
[0.179s] WARNING:colcon.colcon_core.package_selection:ignoring unknown package 'rmf_msgs' in --packages-select
[0.181s] INFO:colcon.colcon_core.package_selection:Skipping not selected package 'cssd_workcell_manager' in '/home/malcomneo/ros2_ws/src/CSSD_WM/cssd_workcell_manager'
[0.182s] INFO:colcon.colcon_core.executor:Executing jobs using 'parallel' executor
[0.182s] DEBUG:colcon.colcon_parallel_executor.executor.parallel:run_until_complete
[0.183s] DEBUG:colcon.colcon_parallel_executor.executor.parallel:closing loop
[0.183s] DEBUG:colcon.colcon_parallel_executor.executor.parallel:loop closed
[0.183s] DEBUG:colcon.colcon_parallel_executor.executor.parallel:run_until_complete finished with '0'
[0.183s] DEBUG:colcon.colcon_core.event_reactor:joining thread
[0.188s] INFO:colcon.colcon_core.plugin_system:Skipping extension 'colcon_notification.desktop_notification.terminal_notifier': Not used on non-Darwin systems
[0.188s] INFO:colcon.colcon_core.plugin_system:Skipping extension 'colcon_notification.desktop_notification.win32': Not used on non-Windows systems
[0.188s] INFO:colcon.colcon_notification.desktop_notification:Sending desktop notification using 'notify2'
[0.190s] DEBUG:colcon.colcon_core.event_reactor:joined thread
[0.193s] INFO:colcon.colcon_core.plugin_system:Skipping extension 'colcon_core.shell.bat': Not used on non-Windows systems
[0.193s] INFO:colcon.colcon_core.shell:Creating prefix script '/home/malcomneo/ros2_ws/src/CSSD_WM/install/local_setup.ps1'
[0.195s] INFO:colcon.colcon_core.shell:Creating prefix chain script '/home/malcomneo/ros2_ws/src/CSSD_WM/install/setup.ps1'
[0.198s] INFO:colcon.colcon_core.shell:Creating prefix script '/home/malcomneo/ros2_ws/src/CSSD_WM/install/local_setup.sh'
[0.198s] INFO:colcon.colcon_core.shell:Creating prefix chain script '/home/malcomneo/ros2_ws/src/CSSD_WM/install/setup.sh'
[0.200s] INFO:colcon.colcon_core.shell:Creating prefix script '/home/malcomneo/ros2_ws/src/CSSD_WM/install/local_setup.bash'
[0.201s] INFO:colcon.colcon_core.shell:Creating prefix chain script '/home/malcomneo/ros2_ws/src/CSSD_WM/install/setup.bash'
[0.203s] INFO:colcon.colcon_core.shell:Creating prefix script '/home/malcomneo/ros2_ws/src/CSSD_WM/install/local_setup.zsh'
[0.204s] INFO:colcon.colcon_core.shell:Creating prefix chain script '/home/malcomneo/ros2_ws/src/CSSD_WM/install/setup.zsh'
